<?xml version="1.0" encoding="UTF-8"?>
<robot generator="Robot 5.0 (Python 3.8.9 on darwin)" generated="20220406 14:16:33.882" rpa="false" schemaversion="3">
<suite id="s1" name="Test" source="/Users/jayprakashd/robot/robot_test/test.robot">
<test id="s1-t1" name="Page Should Show Header" line="12">
<kw name="Open Browser And Go To Page" type="SETUP">
<kw name="Open Browser" library="SeleniumLibrary">
<arg>${FORM_URL}</arg>
<arg>${BROWSER}</arg>
<doc>Opens a new browser instance to the optional ``url``.</doc>
<msg timestamp="20220406 14:16:34.153" level="INFO">Opening browser 'headlesschrome' to base url 'https://www.google.com/'.</msg>
<status status="PASS" starttime="20220406 14:16:34.153" endtime="20220406 14:16:36.031"/>
</kw>
<status status="PASS" starttime="20220406 14:16:34.153" endtime="20220406 14:16:36.032"/>
</kw>
<kw name="Page Should Contain" library="SeleniumLibrary">
<arg>Google</arg>
<doc>Verifies that current page contains ``text``.</doc>
<msg timestamp="20220406 14:16:36.046" level="INFO">Current page contains text 'Google'.</msg>
<status status="PASS" starttime="20220406 14:16:36.032" endtime="20220406 14:16:36.046"/>
</kw>
<kw name="Close Browser" library="SeleniumLibrary" type="TEARDOWN">
<doc>Closes the current browser.</doc>
<status status="PASS" starttime="20220406 14:16:36.046" endtime="20220406 14:16:36.116"/>
</kw>
<doc>When visit the page it should show the text Hello World</doc>
<status status="PASS" starttime="20220406 14:16:34.152" endtime="20220406 14:16:36.116"/>
</test>
<status status="PASS" starttime="20220406 14:16:33.885" endtime="20220406 14:16:36.117"/>
</suite>
<statistics>
<total>
<stat pass="1" fail="0" skip="0">All Tests</stat>
</total>
<tag>
</tag>
<suite>
<stat pass="1" fail="0" skip="0" id="s1" name="Test">Test</stat>
</suite>
</statistics>
<errors>
</errors>
</robot>
